<?xml version="1.0" encoding="UTF-8"?>
<testng-results ignored="0" total="2" passed="2" failed="0" skipped="0">
  <reporter-output>
  </reporter-output>
  <suite started-at="2025-07-29T20:34:54 IST" name="Master Suite" finished-at="2025-07-29T20:35:17 IST" duration-ms="22310">
    <groups>
      <group name="Master">
        <method signature="TC_001_AccountRegistrationTest.verifyAccountRegistration()[pri:0, instance:testCases.TC_001_AccountRegistrationTest@4f6f416f]" name="verifyAccountRegistration" class="testCases.TC_001_AccountRegistrationTest"/>
        <method signature="TC_002_LoginTest.verify_login()[pri:0, instance:testCases.TC_002_LoginTest@3eb77ea8]" name="verify_login" class="testCases.TC_002_LoginTest"/>
      </group> <!-- Master -->
      <group name="Sanity">
        <method signature="TC_002_LoginTest.verify_login()[pri:0, instance:testCases.TC_002_LoginTest@3eb77ea8]" name="verify_login" class="testCases.TC_002_LoginTest"/>
      </group> <!-- Sanity -->
      <group name="Regression">
        <method signature="TC_001_AccountRegistrationTest.verifyAccountRegistration()[pri:0, instance:testCases.TC_001_AccountRegistrationTest@4f6f416f]" name="verifyAccountRegistration" class="testCases.TC_001_AccountRegistrationTest"/>
      </group> <!-- Regression -->
    </groups>
    <test started-at="2025-07-29T20:34:54 IST" name="Test" finished-at="2025-07-29T20:35:17 IST" duration-ms="22310">
      <class name="testCases.TC_001_AccountRegistrationTest">
        <test-method is-config="true" signature="setup(java.lang.String,java.lang.String)[pri:0, instance:testCases.TC_001_AccountRegistrationTest@4f6f416f]" started-at="2025-07-29T20:34:55 IST" name="setup" finished-at="2025-07-29T20:34:59 IST" duration-ms="4742" status="PASS">
          <params>
            <param index="0">
              <value>
                <![CDATA[Windows]]>
              </value>
            </param>
            <param index="1">
              <value>
                <![CDATA[Chrome]]>
              </value>
            </param>
          </params>
          <reporter-output>
          </reporter-output>
        </test-method> <!-- setup -->
        <test-method signature="verifyAccountRegistration()[pri:0, instance:testCases.TC_001_AccountRegistrationTest@4f6f416f]" started-at="2025-07-29T20:34:59 IST" name="verifyAccountRegistration" finished-at="2025-07-29T20:35:09 IST" duration-ms="9246" status="PASS">
          <reporter-output>
          </reporter-output>
        </test-method> <!-- verifyAccountRegistration -->
        <test-method is-config="true" signature="teardown()[pri:0, instance:testCases.TC_001_AccountRegistrationTest@4f6f416f]" started-at="2025-07-29T20:35:09 IST" name="teardown" finished-at="2025-07-29T20:35:09 IST" duration-ms="462" status="PASS">
          <reporter-output>
          </reporter-output>
        </test-method> <!-- teardown -->
      </class> <!-- testCases.TC_001_AccountRegistrationTest -->
      <class name="testCases.TC_002_LoginTest">
        <test-method is-config="true" signature="setup(java.lang.String,java.lang.String)[pri:0, instance:testCases.TC_002_LoginTest@3eb77ea8]" started-at="2025-07-29T20:35:09 IST" name="setup" finished-at="2025-07-29T20:35:13 IST" duration-ms="3501" status="PASS">
          <params>
            <param index="0">
              <value>
                <![CDATA[Windows]]>
              </value>
            </param>
            <param index="1">
              <value>
                <![CDATA[Chrome]]>
              </value>
            </param>
          </params>
          <reporter-output>
          </reporter-output>
        </test-method> <!-- setup -->
        <test-method signature="verify_login()[pri:0, instance:testCases.TC_002_LoginTest@3eb77ea8]" started-at="2025-07-29T20:35:13 IST" name="verify_login" finished-at="2025-07-29T20:35:16 IST" duration-ms="3479" status="PASS">
          <reporter-output>
          </reporter-output>
        </test-method> <!-- verify_login -->
        <test-method is-config="true" signature="teardown()[pri:0, instance:testCases.TC_002_LoginTest@3eb77ea8]" started-at="2025-07-29T20:35:16 IST" name="teardown" finished-at="2025-07-29T20:35:17 IST" duration-ms="587" status="PASS">
          <reporter-output>
          </reporter-output>
        </test-method> <!-- teardown -->
      </class> <!-- testCases.TC_002_LoginTest -->
    </test> <!-- Test -->
  </suite> <!-- Master Suite -->
</testng-results>
